<?xml version="1.0" encoding="UTF-8"?>
<testng-results skipped="0" failed="0" ignored="0" total="2" passed="2">
  <reporter-output>
  </reporter-output>
  <suite name="Suite" duration-ms="63202" started-at="2023-03-08T08:02:50 IST" finished-at="2023-03-08T08:03:54 IST">
    <groups>
    </groups>
    <test name="TestCases1" duration-ms="30204" started-at="2023-03-08T08:02:50 IST" finished-at="2023-03-08T08:03:21 IST">
      <class name="test.LoginTest">
        <test-method status="PASS" signature="beforeTest()[pri:0, instance:test.LoginTest@51c8530f]" name="beforeTest" is-config="true" duration-ms="15983" started-at="2023-03-08T08:02:50 IST" finished-at="2023-03-08T08:03:06 IST">
          <reporter-output>
          </reporter-output>
        </test-method> <!-- beforeTest -->
        <test-method status="PASS" signature="login()[pri:0, instance:test.LoginTest@51c8530f]" name="login" duration-ms="13373" started-at="2023-03-08T08:03:07 IST" finished-at="2023-03-08T08:03:20 IST">
          <reporter-output>
          </reporter-output>
        </test-method> <!-- login -->
        <test-method status="PASS" signature="afterMethod(org.testng.ITestResult)[pri:0, instance:test.LoginTest@51c8530f]" name="afterMethod" is-config="true" duration-ms="724" started-at="2023-03-08T08:03:20 IST" finished-at="2023-03-08T08:03:21 IST">
          <params>
            <param index="0">
              <value>
                <![CDATA[[TestResult name=login status=SUCCESS method=LoginTest.login()[pri:0, instance:test.LoginTest@51c8530f] output={null}]]]>
              </value>
            </param>
          </params>
          <reporter-output>
          </reporter-output>
        </test-method> <!-- afterMethod -->
        <test-method status="PASS" signature="afterTest()[pri:0, instance:test.LoginTest@51c8530f]" name="afterTest" is-config="true" duration-ms="0" started-at="2023-03-08T08:03:21 IST" finished-at="2023-03-08T08:03:21 IST">
          <reporter-output>
          </reporter-output>
        </test-method> <!-- afterTest -->
      </class> <!-- test.LoginTest -->
    </test> <!-- TestCases1 -->
    <test name="TestCases2" duration-ms="32954" started-at="2023-03-08T08:03:21 IST" finished-at="2023-03-08T08:03:54 IST">
      <class name="test.FlightsTest">
        <test-method status="PASS" signature="beforeTest()[pri:0, instance:test.FlightsTest@319b92f3]" name="beforeTest" is-config="true" duration-ms="13974" started-at="2023-03-08T08:03:21 IST" finished-at="2023-03-08T08:03:35 IST">
          <reporter-output>
          </reporter-output>
        </test-method> <!-- beforeTest -->
        <test-method status="PASS" signature="flightsVerification()[pri:0, instance:test.FlightsTest@319b92f3]" name="flightsVerification" duration-ms="18558" started-at="2023-03-08T08:03:35 IST" finished-at="2023-03-08T08:03:53 IST">
          <reporter-output>
          </reporter-output>
        </test-method> <!-- flightsVerification -->
        <test-method status="PASS" signature="afterMethod(org.testng.ITestResult)[pri:0, instance:test.FlightsTest@319b92f3]" name="afterMethod" is-config="true" duration-ms="414" started-at="2023-03-08T08:03:53 IST" finished-at="2023-03-08T08:03:54 IST">
          <params>
            <param index="0">
              <value>
                <![CDATA[[TestResult name=flightsVerification status=SUCCESS method=FlightsTest.flightsVerification()[pri:0, instance:test.FlightsTest@319b92f3] output={null}]]]>
              </value>
            </param>
          </params>
          <reporter-output>
          </reporter-output>
        </test-method> <!-- afterMethod -->
        <test-method status="PASS" signature="afterTest()[pri:0, instance:test.FlightsTest@319b92f3]" name="afterTest" is-config="true" duration-ms="1" started-at="2023-03-08T08:03:54 IST" finished-at="2023-03-08T08:03:54 IST">
          <reporter-output>
          </reporter-output>
        </test-method> <!-- afterTest -->
      </class> <!-- test.FlightsTest -->
    </test> <!-- TestCases2 -->
  </suite> <!-- Suite -->
</testng-results>
