<?xml version="1.0" encoding="UTF-8"?>
<!-- Generated by org.testng.reporters.JUnitXMLReporter -->
<testsuite hostname="DESKTOP-VG7FOF4" ignored="2" name="TestCases" tests="2" failures="1" timestamp="2023-03-02T07:09:06 IST" time="31.737" errors="0">
  <testcase name="login" time="9.602" classname="test.LoginTest"/>
  <testcase name="flightsVerification" time="0.003" classname="test.FlightsTest">
    <failure type="java.lang.NullPointerException">
      <![CDATA[java.lang.NullPointerException
at test.FlightsTest.flightsVerification(FlightsTest.java:11)
at java.util.ArrayList.forEach(ArrayList.java:1257)
... Removed 27 stack frames]]>
    </failure>
  </testcase> <!-- flightsVerification -->
  <testcase name="@BeforeTest beforeTest" time="0.0" classname="utilities.Base">
    <ignored/>
  </testcase> <!-- @BeforeTest beforeTest -->
  <testcase name="@AfterTest afterTest" time="0.0" classname="utilities.Base">
    <ignored/>
  </testcase> <!-- @AfterTest afterTest -->
</testsuite> <!-- TestCases -->
