<?xml version="1.0" encoding="UTF-8"?>
<!-- Generated by org.testng.reporters.JUnitXMLReporter -->
<testsuite hostname="DESKTOP-VG7FOF4" ignored="0" name="TestCaseFlights" tests="1" failures="1" timestamp="2023-03-01T16:53:27 IST" time="41.654" errors="0">
  <testcase name="flightsVerification" time="4.483" classname="test.FlightsTest">
    <failure type="java.lang.IndexOutOfBoundsException" message="Index: 0, Size: 0">
      <![CDATA[java.lang.IndexOutOfBoundsException: Index: 0, Size: 0
at java.util.ArrayList.rangeCheck(ArrayList.java:657)
at java.util.ArrayList.get(ArrayList.java:433)
at pageObject.FlightsPage.flightsPageDetails(FlightsPage.java:21)
at test.FlightsTest.flightsVerification(FlightsTest.java:12)
at java.util.ArrayList.forEach(ArrayList.java:1257)
... Removed 27 stack frames]]>
    </failure>
  </testcase> <!-- flightsVerification -->
</testsuite> <!-- TestCaseFlights -->
